-------------------------------------------------------------------------------
Test set: com.bms.customer.CustomerRegistrationApplicationTests
-------------------------------------------------------------------------------
Tests run: 1, Failures: 0, Errors: 1, Skipped: 0, Time elapsed: 9.329 s <<< FAILURE! - in com.bms.customer.CustomerRegistrationApplicationTests
testMessage  Time elapsed: 0.002 s  <<< ERROR!
java.lang.IllegalStateException: Failed to load ApplicationContext
Caused by: org.springframework.beans.factory.BeanCreationException: Error creating bean with name 'org.springframework.boot.actuate.autoconfigure.metrics.orm.jpa.HibernateMetricsAutoConfiguration': Injection of autowired dependencies failed; nested exception is java.lang.IllegalStateException: Failed to asynchronously initialize native EntityManagerFactory: java.lang.NoSuchMethodError: org.hibernate.internal.util.xml.XMLHelper.<init>(Lorg/hibernate/boot/registry/classloading/spi/ClassLoaderService;)V
Caused by: java.lang.IllegalStateException: Failed to asynchronously initialize native EntityManagerFactory: java.lang.NoSuchMethodError: org.hibernate.internal.util.xml.XMLHelper.<init>(Lorg/hibernate/boot/registry/classloading/spi/ClassLoaderService;)V
Caused by: java.lang.NoSuchMethodError: org.hibernate.internal.util.xml.XMLHelper.<init>(Lorg/hibernate/boot/registry/classloading/spi/ClassLoaderService;)V

