-------------------------------------------------------------------------------
Test set: com.bms.service.bankmngmntservices.BankmanagementServicesApplicationTests
-------------------------------------------------------------------------------
Tests run: 1, Failures: 0, Errors: 1, Skipped: 0, Time elapsed: 0.343 s <<< FAILURE! - in com.bms.service.bankmngmntservices.BankmanagementServicesApplicationTests
com.bms.service.bankmngmntservices.BankmanagementServicesApplicationTests  Time elapsed: 0.341 s  <<< ERROR!
java.lang.IllegalStateException: Unable to find a @SpringBootConfiguration, you need to use @ContextConfiguration or @SpringBootTest(classes=...) with your test

